<?xml version="1.0" encoding="UTF-8"?>
<testng-results ignored="0" total="2" passed="2" failed="0" skipped="0">
  <reporter-output>
  </reporter-output>
  <suite started-at="2024-08-30T16:11:28 IST" name="Suite" finished-at="2024-08-30T16:12:11 IST" duration-ms="43494">
    <groups>
    </groups>
    <test started-at="2024-08-30T16:11:28 IST" name="Test.Suite" finished-at="2024-08-30T16:12:11 IST" duration-ms="43494">
      <class name="com.test.TestLogin">
        <test-method is-config="true" signature="setUp()[pri:0, instance:com.test.TestLogin@4659191b]" started-at="2024-08-30T16:11:28 IST" name="setUp" finished-at="2024-08-30T16:11:35 IST" duration-ms="6934" status="PASS">
          <reporter-output>
          </reporter-output>
        </test-method> <!-- setUp -->
        <test-method signature="testLogin()[pri:0, instance:com.test.TestLogin@4659191b]" started-at="2024-08-30T16:11:35 IST" name="testLogin" finished-at="2024-08-30T16:11:46 IST" duration-ms="10788" status="PASS">
          <reporter-output>
          </reporter-output>
        </test-method> <!-- testLogin -->
        <test-method is-config="true" signature="tearDown()[pri:0, instance:com.test.TestLogin@4659191b]" started-at="2024-08-30T16:11:46 IST" name="tearDown" finished-at="2024-08-30T16:11:46 IST" duration-ms="637" status="PASS">
          <reporter-output>
          </reporter-output>
        </test-method> <!-- tearDown -->
      </class> <!-- com.test.TestLogin -->
      <class name="com.test.TestDashboard">
        <test-method is-config="true" signature="setUp()[pri:0, instance:com.test.TestDashboard@1ffaf86]" started-at="2024-08-30T16:11:46 IST" name="setUp" finished-at="2024-08-30T16:11:57 IST" duration-ms="10474" status="PASS">
          <reporter-output>
          </reporter-output>
        </test-method> <!-- setUp -->
        <test-method signature="dashBtestCase()[pri:0, instance:com.test.TestDashboard@1ffaf86]" started-at="2024-08-30T16:11:57 IST" name="dashBtestCase" finished-at="2024-08-30T16:12:11 IST" duration-ms="14308" status="PASS">
          <reporter-output>
          </reporter-output>
        </test-method> <!-- dashBtestCase -->
        <test-method is-config="true" signature="tearDown()[pri:0, instance:com.test.TestDashboard@1ffaf86]" started-at="2024-08-30T16:12:11 IST" name="tearDown" finished-at="2024-08-30T16:12:11 IST" duration-ms="293" status="PASS">
          <reporter-output>
          </reporter-output>
        </test-method> <!-- tearDown -->
      </class> <!-- com.test.TestDashboard -->
    </test> <!-- Test.Suite -->
  </suite> <!-- Suite -->
</testng-results>
